2021-01-07 00:32:30,118 发送请求 INFO https://sj.qq.com/myapp/searchAjax.htm?kw=微信 执行成功
2021-01-07 00:32:30,594 发送请求 INFO https://sj.qq.com/myapp/searchAjax.htm?kw=王者荣耀 执行成功
2021-01-07 00:32:31,660 发送请求 INFO https://sj.qq.com/myapp/searchAjax.htm?kw=QQ 执行成功
2021-01-07 00:32:31,934 接口测试 ERROR {'response': '请求发送失败，详细信息： url=https://sj.qq.com/myapp/searchAjax.htm?kw=唯品会'}
2021-01-07 00:32:32,379 发送请求 INFO https://sj.qq.com/myapp/searchAjax.htm?kw=美团 执行成功
2021-01-07 00:32:32,665 发送请求 INFO https://sj.qq.com/myapp/searchAjax.htm?kw=支付宝 执行成功
2021-01-07 00:32:33,066 发送请求 INFO https://sj.qq.com/myapp/searchAjax.htm?kw=爱奇艺 执行成功
2021-01-07 00:32:33,384 发送请求 INFO https://sj.qq.com/myapp/searchAjax.htm?kw=微信 执行成功
2021-01-07 00:32:33,798 发送请求 INFO https://sj.qq.com/myapp/searchAjax.htm?kw=微信 执行成功
2021-01-07 00:32:34,087 发送请求 INFO https://sj.qq.com/myapp/searchAjax.htm?kw=微信 执行成功
2021-01-07 00:32:34,366 发送请求 INFO https://sj.qq.com/myapp/searchAjax.htm?kw=微信 执行成功
2021-01-07 00:32:34,639 发送请求 INFO https://sj.qq.com/myapp/searchAjax.htm?kw=微信 执行成功
2021-01-07 00:39:33,568 发送请求 INFO https://sj.qq.com/myapp/searchAjax.htm?kw=微信 执行成功
2021-01-07 00:39:33,964 发送请求 INFO https://sj.qq.com/myapp/searchAjax.htm?kw=王者荣耀 执行成功
2021-01-07 00:39:34,298 发送请求 INFO https://sj.qq.com/myapp/searchAjax.htm?kw=QQ 执行成功
2021-01-07 00:39:34,739 接口测试 ERROR {'response': '请求发送失败，详细信息： url=https://sj.qq.com/myapp/searchAjax.htm?kw=唯品会'}
2021-01-07 00:39:35,334 发送请求 INFO https://sj.qq.com/myapp/searchAjax.htm?kw=美团 执行成功
2021-01-07 00:39:35,807 发送请求 INFO https://sj.qq.com/myapp/searchAjax.htm?kw=支付宝 执行成功
2021-01-07 00:39:36,147 发送请求 INFO https://sj.qq.com/myapp/searchAjax.htm?kw=爱奇艺 执行成功
2021-01-07 00:39:36,693 发送请求 INFO https://sj.qq.com/myapp/searchAjax.htm?kw=微信 执行成功
2021-01-07 00:39:37,029 发送请求 INFO https://sj.qq.com/myapp/searchAjax.htm?kw=微信 执行成功
2021-01-07 00:39:37,418 发送请求 INFO https://sj.qq.com/myapp/searchAjax.htm?kw=微信 执行成功
2021-01-07 00:39:37,983 发送请求 INFO https://sj.qq.com/myapp/searchAjax.htm?kw=微信 执行成功
2021-01-07 00:39:38,319 发送请求 INFO https://sj.qq.com/myapp/searchAjax.htm?kw=微信 执行成功
2021-01-07 00:45:51,497 发送请求 INFO https://sj.qq.com/myapp/searchAjax.htm?kw=微信 执行成功
2021-01-07 00:45:51,829 发送请求 INFO https://sj.qq.com/myapp/searchAjax.htm?kw=王者荣耀 执行成功
2021-01-07 00:45:52,094 发送请求 INFO https://sj.qq.com/myapp/searchAjax.htm?kw=QQ 执行成功
2021-01-07 00:45:52,443 接口测试 ERROR {'response': '请求发送失败，详细信息： url=https://sj.qq.com/myapp/searchAjax.htm?kw=唯品会'}
2021-01-07 00:45:52,975 发送请求 INFO https://sj.qq.com/myapp/searchAjax.htm?kw=美团 执行成功
2021-01-07 00:45:53,590 发送请求 INFO https://sj.qq.com/myapp/searchAjax.htm?kw=支付宝 执行成功
2021-01-07 00:45:53,997 发送请求 INFO https://sj.qq.com/myapp/searchAjax.htm?kw=爱奇艺 执行成功
2021-01-07 00:45:54,252 发送请求 INFO https://sj.qq.com/myapp/searchAjax.htm?kw=微信 执行成功
2021-01-07 00:45:54,525 发送请求 INFO https://sj.qq.com/myapp/searchAjax.htm?kw=微信 执行成功
2021-01-07 00:45:54,798 发送请求 INFO https://sj.qq.com/myapp/searchAjax.htm?kw=微信 执行成功
2021-01-07 00:45:55,185 发送请求 INFO https://sj.qq.com/myapp/searchAjax.htm?kw=微信 执行成功
2021-01-07 00:45:55,496 发送请求 INFO https://sj.qq.com/myapp/searchAjax.htm?kw=微信 执行成功
2021-01-07 00:46:46,291 发送请求 INFO https://sj.qq.com/myapp/searchAjax.htm?kw=微信 执行成功
2021-01-07 00:46:46,703 发送请求 INFO https://sj.qq.com/myapp/searchAjax.htm?kw=王者荣耀 执行成功
2021-01-07 00:46:47,025 发送请求 INFO https://sj.qq.com/myapp/searchAjax.htm?kw=QQ 执行成功
2021-01-07 00:46:47,391 接口测试 ERROR {'response': '请求发送失败，详细信息： url=https://sj.qq.com/myapp/searchAjax.htm?kw=唯品会'}
2021-01-07 00:46:47,725 发送请求 INFO https://sj.qq.com/myapp/searchAjax.htm?kw=美团 执行成功
2021-01-07 00:46:48,125 发送请求 INFO https://sj.qq.com/myapp/searchAjax.htm?kw=支付宝 执行成功
2021-01-07 00:46:48,434 发送请求 INFO https://sj.qq.com/myapp/searchAjax.htm?kw=爱奇艺 执行成功
2021-01-07 00:46:48,853 发送请求 INFO https://sj.qq.com/myapp/searchAjax.htm?kw=微信 执行成功
2021-01-07 00:46:49,123 发送请求 INFO https://sj.qq.com/myapp/searchAjax.htm?kw=微信 执行成功
2021-01-07 00:46:49,438 发送请求 INFO https://sj.qq.com/myapp/searchAjax.htm?kw=微信 执行成功
2021-01-07 00:46:49,824 发送请求 INFO https://sj.qq.com/myapp/searchAjax.htm?kw=微信 执行成功
2021-01-07 00:46:50,206 发送请求 INFO https://sj.qq.com/myapp/searchAjax.htm?kw=微信 执行成功
2021-01-07 00:56:25,859 发送请求 INFO https://sj.qq.com/myapp/searchAjax.htm?kw=微信 执行成功
2021-01-07 00:56:26,414 发送请求 INFO https://sj.qq.com/myapp/searchAjax.htm?kw=王者荣耀 执行成功
2021-01-07 00:56:27,429 发送请求 INFO https://sj.qq.com/myapp/searchAjax.htm?kw=QQ 执行成功
2021-01-07 00:56:27,978 接口测试 ERROR {'response': '请求发送失败，详细信息： url=https://sj.qq.com/myapp/searchAjax.htm?kw=唯品会'}
2021-01-07 00:56:28,437 发送请求 INFO https://sj.qq.com/myapp/searchAjax.htm?kw=美团 执行成功
2021-01-07 00:56:29,433 发送请求 INFO https://sj.qq.com/myapp/searchAjax.htm?kw=支付宝 执行成功
2021-01-07 00:56:29,824 发送请求 INFO https://sj.qq.com/myapp/searchAjax.htm?kw=爱奇艺 执行成功
2021-01-07 00:56:30,270 发送请求 INFO https://sj.qq.com/myapp/searchAjax.htm?kw=微信 执行成功
2021-01-07 00:56:30,539 发送请求 INFO https://sj.qq.com/myapp/searchAjax.htm?kw=微信 执行成功
2021-01-07 00:56:31,396 发送请求 INFO https://sj.qq.com/myapp/searchAjax.htm?kw=微信 执行成功
2021-01-07 00:56:31,963 发送请求 INFO https://sj.qq.com/myapp/searchAjax.htm?kw=微信 执行成功
2021-01-07 00:56:32,302 发送请求 INFO https://sj.qq.com/myapp/searchAjax.htm?kw=微信 执行成功
2021-01-07 00:58:29,563 发送请求 INFO https://sj.qq.com/myapp/searchAjax.htm?kw=微信 执行成功
2021-01-07 00:58:29,845 发送请求 INFO https://sj.qq.com/myapp/searchAjax.htm?kw=王者荣耀 执行成功
2021-01-07 00:58:30,150 发送请求 INFO https://sj.qq.com/myapp/searchAjax.htm?kw=QQ 执行成功
2021-01-07 00:58:30,525 接口测试 ERROR {'response': '请求发送失败，详细信息： url=https://sj.qq.com/myapp/searchAjax.htm?kw=唯品会'}
2021-01-07 00:58:30,943 发送请求 INFO https://sj.qq.com/myapp/searchAjax.htm?kw=美团 执行成功
2021-01-07 00:58:31,373 发送请求 INFO https://sj.qq.com/myapp/searchAjax.htm?kw=支付宝 执行成功
2021-01-07 00:58:31,783 发送请求 INFO https://sj.qq.com/myapp/searchAjax.htm?kw=爱奇艺 执行成功
2021-01-07 00:58:32,126 发送请求 INFO https://sj.qq.com/myapp/searchAjax.htm?kw=微信 执行成功
2021-01-07 00:58:32,460 发送请求 INFO https://sj.qq.com/myapp/searchAjax.htm?kw=微信 执行成功
2021-01-07 00:58:32,776 发送请求 INFO https://sj.qq.com/myapp/searchAjax.htm?kw=微信 执行成功
2021-01-07 00:58:33,088 发送请求 INFO https://sj.qq.com/myapp/searchAjax.htm?kw=微信 执行成功
2021-01-07 00:58:33,435 发送请求 INFO https://sj.qq.com/myapp/searchAjax.htm?kw=微信 执行成功
2021-01-07 09:28:49,713 发送请求 INFO https://sj.qq.com/myapp/searchAjax.htm?kw=微信 执行成功
2021-01-07 09:28:49,996 发送请求 INFO https://sj.qq.com/myapp/searchAjax.htm?kw=王者荣耀 执行成功
2021-01-07 09:28:50,266 发送请求 INFO https://sj.qq.com/myapp/searchAjax.htm?kw=QQ 执行成功
2021-01-07 09:28:50,483 接口测试 ERROR {'response': '请求发送失败，详细信息： url=https://sj.qq.com/myapp/searchAjax.htm?kw=唯品会'}
2021-01-07 09:28:50,974 发送请求 INFO https://sj.qq.com/myapp/searchAjax.htm?kw=美团 执行成功
2021-01-07 09:28:51,240 发送请求 INFO https://sj.qq.com/myapp/searchAjax.htm?kw=支付宝 执行成功
2021-01-07 09:28:51,500 发送请求 INFO https://sj.qq.com/myapp/searchAjax.htm?kw=爱奇艺 执行成功
2021-01-07 09:28:52,824 发送请求 INFO https://sj.qq.com/myapp/searchAjax.htm?kw=微信 执行成功
2021-01-07 09:28:53,528 发送请求 INFO https://sj.qq.com/myapp/searchAjax.htm?kw=微信 执行成功
2021-01-07 09:28:53,868 发送请求 INFO https://sj.qq.com/myapp/searchAjax.htm?kw=微信 执行成功
2021-01-07 09:28:54,108 发送请求 INFO https://sj.qq.com/myapp/searchAjax.htm?kw=微信 执行成功
2021-01-07 09:28:54,338 发送请求 INFO https://sj.qq.com/myapp/searchAjax.htm?kw=微信 执行成功
2021-01-07 09:30:12,008 发送请求 INFO https://sj.qq.com/myapp/searchAjax.htm?kw=微信 执行成功
2021-01-07 09:30:12,238 发送请求 INFO https://sj.qq.com/myapp/searchAjax.htm?kw=王者荣耀 执行成功
2021-01-07 09:30:12,597 发送请求 INFO https://sj.qq.com/myapp/searchAjax.htm?kw=QQ 执行成功
2021-01-07 09:30:12,968 发送请求 INFO https://sj.qq.com/myapp/searchAjax.htm?kw=美团 执行成功
2021-01-07 09:30:13,378 发送请求 INFO https://sj.qq.com/myapp/searchAjax.htm?kw=爱奇艺 执行成功
2021-01-07 09:30:13,808 发送请求 INFO https://sj.qq.com/myapp/searchAjax.htm?kw=微信 执行成功
2021-01-07 09:30:14,052 发送请求 INFO https://sj.qq.com/myapp/searchAjax.htm?kw=微信 执行成功
2021-01-07 09:30:14,282 发送请求 INFO https://sj.qq.com/myapp/searchAjax.htm?kw=微信 执行成功
2021-01-07 09:30:14,562 发送请求 INFO https://sj.qq.com/myapp/searchAjax.htm?kw=微信 执行成功
2021-01-07 09:30:14,862 发送请求 INFO https://sj.qq.com/myapp/searchAjax.htm?kw=微信 执行成功
2021-01-07 09:57:29,433 发送请求 INFO https://sj.qq.com/myapp/searchAjax.htm?kw=微信 执行成功
2021-01-07 09:57:29,663 发送请求 INFO https://sj.qq.com/myapp/searchAjax.htm?kw=王者荣耀 执行成功
2021-01-07 09:57:29,893 发送请求 INFO https://sj.qq.com/myapp/searchAjax.htm?kw=QQ 执行成功
2021-01-07 09:57:30,203 发送请求 INFO https://sj.qq.com/myapp/searchAjax.htm?kw=美团 执行成功
2021-01-07 09:57:30,744 发送请求 INFO https://sj.qq.com/myapp/searchAjax.htm?kw=爱奇艺 执行成功
2021-01-07 09:57:30,994 发送请求 INFO https://sj.qq.com/myapp/searchAjax.htm?kw=微信 执行成功
2021-01-07 09:57:31,584 发送请求 INFO https://sj.qq.com/myapp/searchAjax.htm?kw=微信 执行成功
2021-01-07 09:57:31,944 发送请求 INFO https://sj.qq.com/myapp/searchAjax.htm?kw=微信 执行成功
2021-01-07 09:57:32,264 发送请求 INFO https://sj.qq.com/myapp/searchAjax.htm?kw=微信 执行成功
2021-01-07 09:57:32,504 发送请求 INFO https://sj.qq.com/myapp/searchAjax.htm?kw=微信 执行成功
2021-01-07 10:03:40,720 发送请求 INFO https://sj.qq.com/myapp/searchAjax.htm?kw=微信 执行成功
2021-01-07 10:03:41,070 发送请求 INFO https://sj.qq.com/myapp/searchAjax.htm?kw=王者荣耀 执行成功
2021-01-07 10:03:41,540 发送请求 INFO https://sj.qq.com/myapp/searchAjax.htm?kw=QQ 执行成功
2021-01-07 10:03:43,062 发送请求 INFO https://sj.qq.com/myapp/searchAjax.htm?kw=美团 执行成功
2021-01-07 10:03:45,096 发送请求 INFO https://sj.qq.com/myapp/searchAjax.htm?kw=爱奇艺 执行成功
2021-01-07 10:03:45,426 发送请求 INFO https://sj.qq.com/myapp/searchAjax.htm?kw=知乎 执行成功
2021-01-07 10:12:25,154 发送请求 INFO https://sj.qq.com/myapp/searchAjax.htm?kw=微信 执行成功
2021-01-07 10:12:25,479 发送请求 INFO https://sj.qq.com/myapp/searchAjax.htm?kw=王者荣耀 执行成功
2021-01-07 10:12:25,893 发送请求 INFO https://sj.qq.com/myapp/searchAjax.htm?kw=QQ 执行成功
2021-01-07 10:12:26,111 发送请求 INFO https://sj.qq.com/myapp/searchAjax.htm?kw=美团 执行成功
2021-01-07 10:12:26,397 发送请求 INFO https://sj.qq.com/myapp/searchAjax.htm?kw=爱奇艺 执行成功
2021-01-07 10:12:26,684 发送请求 INFO https://sj.qq.com/myapp/searchAjax.htm?kw=知乎 执行成功
2021-01-07 10:19:46,762 接口测试 ERROR {'response': '请求发送失败，详细信息： url=https://sj.qq.com/myapp/searchAjax.htm?kw=微信'}
2021-01-07 10:19:47,162 发送请求 INFO https://sj.qq.com/myapp/searchAjax.htm?kw=王者荣耀 执行成功
2021-01-07 10:19:47,442 发送请求 INFO https://sj.qq.com/myapp/searchAjax.htm?kw=QQ 执行成功
2021-01-07 10:19:47,922 发送请求 INFO https://sj.qq.com/myapp/searchAjax.htm?kw=美团 执行成功
2021-01-07 10:19:48,423 发送请求 INFO https://sj.qq.com/myapp/searchAjax.htm?kw=爱奇艺 执行成功
2021-01-07 10:19:48,750 发送请求 INFO https://sj.qq.com/myapp/searchAjax.htm?kw=知乎 执行成功
