2021-01-07 00:32:30,118 发送请求 INFO https://sj.qq.com/myapp/searchAjax.htm?kw=微信 执行成功
2021-01-07 00:32:30,594 发送请求 INFO https://sj.qq.com/myapp/searchAjax.htm?kw=王者荣耀 执行成功
2021-01-07 00:32:31,660 发送请求 INFO https://sj.qq.com/myapp/searchAjax.htm?kw=QQ 执行成功
2021-01-07 00:32:31,934 接口测试 ERROR {'response': '请求发送失败，详细信息： url=https://sj.qq.com/myapp/searchAjax.htm?kw=唯品会'}
2021-01-07 00:32:32,379 发送请求 INFO https://sj.qq.com/myapp/searchAjax.htm?kw=美团 执行成功
2021-01-07 00:32:32,665 发送请求 INFO https://sj.qq.com/myapp/searchAjax.htm?kw=支付宝 执行成功
2021-01-07 00:32:33,066 发送请求 INFO https://sj.qq.com/myapp/searchAjax.htm?kw=爱奇艺 执行成功
2021-01-07 00:32:33,384 发送请求 INFO https://sj.qq.com/myapp/searchAjax.htm?kw=微信 执行成功
2021-01-07 00:32:33,798 发送请求 INFO https://sj.qq.com/myapp/searchAjax.htm?kw=微信 执行成功
2021-01-07 00:32:34,087 发送请求 INFO https://sj.qq.com/myapp/searchAjax.htm?kw=微信 执行成功
2021-01-07 00:32:34,366 发送请求 INFO https://sj.qq.com/myapp/searchAjax.htm?kw=微信 执行成功
2021-01-07 00:32:34,639 发送请求 INFO https://sj.qq.com/myapp/searchAjax.htm?kw=微信 执行成功
2021-01-07 00:39:33,568 发送请求 INFO https://sj.qq.com/myapp/searchAjax.htm?kw=微信 执行成功
2021-01-07 00:39:33,964 发送请求 INFO https://sj.qq.com/myapp/searchAjax.htm?kw=王者荣耀 执行成功
2021-01-07 00:39:34,298 发送请求 INFO https://sj.qq.com/myapp/searchAjax.htm?kw=QQ 执行成功
2021-01-07 00:39:34,739 接口测试 ERROR {'response': '请求发送失败，详细信息： url=https://sj.qq.com/myapp/searchAjax.htm?kw=唯品会'}
2021-01-07 00:39:35,334 发送请求 INFO https://sj.qq.com/myapp/searchAjax.htm?kw=美团 执行成功
2021-01-07 00:39:35,807 发送请求 INFO https://sj.qq.com/myapp/searchAjax.htm?kw=支付宝 执行成功
2021-01-07 00:39:36,147 发送请求 INFO https://sj.qq.com/myapp/searchAjax.htm?kw=爱奇艺 执行成功
2021-01-07 00:39:36,693 发送请求 INFO https://sj.qq.com/myapp/searchAjax.htm?kw=微信 执行成功
2021-01-07 00:39:37,029 发送请求 INFO https://sj.qq.com/myapp/searchAjax.htm?kw=微信 执行成功
2021-01-07 00:39:37,418 发送请求 INFO https://sj.qq.com/myapp/searchAjax.htm?kw=微信 执行成功
2021-01-07 00:39:37,983 发送请求 INFO https://sj.qq.com/myapp/searchAjax.htm?kw=微信 执行成功
2021-01-07 00:39:38,319 发送请求 INFO https://sj.qq.com/myapp/searchAjax.htm?kw=微信 执行成功
2021-01-07 00:45:51,497 发送请求 INFO https://sj.qq.com/myapp/searchAjax.htm?kw=微信 执行成功
2021-01-07 00:45:51,829 发送请求 INFO https://sj.qq.com/myapp/searchAjax.htm?kw=王者荣耀 执行成功
2021-01-07 00:45:52,094 发送请求 INFO https://sj.qq.com/myapp/searchAjax.htm?kw=QQ 执行成功
2021-01-07 00:45:52,443 接口测试 ERROR {'response': '请求发送失败，详细信息： url=https://sj.qq.com/myapp/searchAjax.htm?kw=唯品会'}
2021-01-07 00:45:52,975 发送请求 INFO https://sj.qq.com/myapp/searchAjax.htm?kw=美团 执行成功
2021-01-07 00:45:53,590 发送请求 INFO https://sj.qq.com/myapp/searchAjax.htm?kw=支付宝 执行成功
2021-01-07 00:45:53,997 发送请求 INFO https://sj.qq.com/myapp/searchAjax.htm?kw=爱奇艺 执行成功
2021-01-07 00:45:54,252 发送请求 INFO https://sj.qq.com/myapp/searchAjax.htm?kw=微信 执行成功
2021-01-07 00:45:54,525 发送请求 INFO https://sj.qq.com/myapp/searchAjax.htm?kw=微信 执行成功
2021-01-07 00:45:54,798 发送请求 INFO https://sj.qq.com/myapp/searchAjax.htm?kw=微信 执行成功
2021-01-07 00:45:55,185 发送请求 INFO https://sj.qq.com/myapp/searchAjax.htm?kw=微信 执行成功
2021-01-07 00:45:55,496 发送请求 INFO https://sj.qq.com/myapp/searchAjax.htm?kw=微信 执行成功
2021-01-07 00:46:46,291 发送请求 INFO https://sj.qq.com/myapp/searchAjax.htm?kw=微信 执行成功
2021-01-07 00:46:46,703 发送请求 INFO https://sj.qq.com/myapp/searchAjax.htm?kw=王者荣耀 执行成功
2021-01-07 00:46:47,025 发送请求 INFO https://sj.qq.com/myapp/searchAjax.htm?kw=QQ 执行成功
2021-01-07 00:46:47,391 接口测试 ERROR {'response': '请求发送失败，详细信息： url=https://sj.qq.com/myapp/searchAjax.htm?kw=唯品会'}
2021-01-07 00:46:47,725 发送请求 INFO https://sj.qq.com/myapp/searchAjax.htm?kw=美团 执行成功
2021-01-07 00:46:48,125 发送请求 INFO https://sj.qq.com/myapp/searchAjax.htm?kw=支付宝 执行成功
2021-01-07 00:46:48,434 发送请求 INFO https://sj.qq.com/myapp/searchAjax.htm?kw=爱奇艺 执行成功
2021-01-07 00:46:48,853 发送请求 INFO https://sj.qq.com/myapp/searchAjax.htm?kw=微信 执行成功
2021-01-07 00:46:49,123 发送请求 INFO https://sj.qq.com/myapp/searchAjax.htm?kw=微信 执行成功
2021-01-07 00:46:49,438 发送请求 INFO https://sj.qq.com/myapp/searchAjax.htm?kw=微信 执行成功
2021-01-07 00:46:49,824 发送请求 INFO https://sj.qq.com/myapp/searchAjax.htm?kw=微信 执行成功
2021-01-07 00:46:50,206 发送请求 INFO https://sj.qq.com/myapp/searchAjax.htm?kw=微信 执行成功
2021-01-07 00:56:25,859 发送请求 INFO https://sj.qq.com/myapp/searchAjax.htm?kw=微信 执行成功
2021-01-07 00:56:26,414 发送请求 INFO https://sj.qq.com/myapp/searchAjax.htm?kw=王者荣耀 执行成功
2021-01-07 00:56:27,429 发送请求 INFO https://sj.qq.com/myapp/searchAjax.htm?kw=QQ 执行成功
2021-01-07 00:56:27,978 接口测试 ERROR {'response': '请求发送失败，详细信息： url=https://sj.qq.com/myapp/searchAjax.htm?kw=唯品会'}
2021-01-07 00:56:28,437 发送请求 INFO https://sj.qq.com/myapp/searchAjax.htm?kw=美团 执行成功
2021-01-07 00:56:29,433 发送请求 INFO https://sj.qq.com/myapp/searchAjax.htm?kw=支付宝 执行成功
2021-01-07 00:56:29,824 发送请求 INFO https://sj.qq.com/myapp/searchAjax.htm?kw=爱奇艺 执行成功
2021-01-07 00:56:30,270 发送请求 INFO https://sj.qq.com/myapp/searchAjax.htm?kw=微信 执行成功
2021-01-07 00:56:30,539 发送请求 INFO https://sj.qq.com/myapp/searchAjax.htm?kw=微信 执行成功
2021-01-07 00:56:31,396 发送请求 INFO https://sj.qq.com/myapp/searchAjax.htm?kw=微信 执行成功
2021-01-07 00:56:31,963 发送请求 INFO https://sj.qq.com/myapp/searchAjax.htm?kw=微信 执行成功
2021-01-07 00:56:32,302 发送请求 INFO https://sj.qq.com/myapp/searchAjax.htm?kw=微信 执行成功
2021-01-07 00:58:29,563 发送请求 INFO https://sj.qq.com/myapp/searchAjax.htm?kw=微信 执行成功
2021-01-07 00:58:29,845 发送请求 INFO https://sj.qq.com/myapp/searchAjax.htm?kw=王者荣耀 执行成功
2021-01-07 00:58:30,150 发送请求 INFO https://sj.qq.com/myapp/searchAjax.htm?kw=QQ 执行成功
2021-01-07 00:58:30,525 接口测试 ERROR {'response': '请求发送失败，详细信息： url=https://sj.qq.com/myapp/searchAjax.htm?kw=唯品会'}
2021-01-07 00:58:30,943 发送请求 INFO https://sj.qq.com/myapp/searchAjax.htm?kw=美团 执行成功
2021-01-07 00:58:31,373 发送请求 INFO https://sj.qq.com/myapp/searchAjax.htm?kw=支付宝 执行成功
2021-01-07 00:58:31,783 发送请求 INFO https://sj.qq.com/myapp/searchAjax.htm?kw=爱奇艺 执行成功
2021-01-07 00:58:32,126 发送请求 INFO https://sj.qq.com/myapp/searchAjax.htm?kw=微信 执行成功
2021-01-07 00:58:32,460 发送请求 INFO https://sj.qq.com/myapp/searchAjax.htm?kw=微信 执行成功
2021-01-07 00:58:32,776 发送请求 INFO https://sj.qq.com/myapp/searchAjax.htm?kw=微信 执行成功
2021-01-07 00:58:33,088 发送请求 INFO https://sj.qq.com/myapp/searchAjax.htm?kw=微信 执行成功
2021-01-07 00:58:33,435 发送请求 INFO https://sj.qq.com/myapp/searchAjax.htm?kw=微信 执行成功
2021-01-07 18:44:37,671 发送请求 INFO https://sj.qq.com/myapp/searchAjax.htm?kw=微信 执行成功
2021-01-07 18:44:38,978 发送请求 INFO https://sj.qq.com/myapp/searchAjax.htm?kw=王者荣耀 执行成功
2021-01-07 18:44:40,615 发送请求 INFO https://sj.qq.com/myapp/searchAjax.htm?kw=QQ 执行成功
2021-01-07 18:44:40,989 接口测试 ERROR {'response': '请求发送失败，详细信息： url=https://sj.qq.com/myapp/searchAjax.htm?kw=唯品会'}
2021-01-07 18:44:41,415 发送请求 INFO https://sj.qq.com/myapp/searchAjax.htm?kw=美团 执行成功
2021-01-07 18:44:42,119 发送请求 INFO https://sj.qq.com/myapp/searchAjax.htm?kw=支付宝 执行成功
2021-01-07 18:44:43,439 发送请求 INFO https://sj.qq.com/myapp/searchAjax.htm?kw=爱奇艺 执行成功
2021-01-07 18:44:43,716 发送请求 INFO https://sj.qq.com/myapp/searchAjax.htm?kw=微信 执行成功
2021-01-07 18:44:43,985 发送请求 INFO https://sj.qq.com/myapp/searchAjax.htm?kw=微信 执行成功
2021-01-07 18:44:44,258 发送请求 INFO https://sj.qq.com/myapp/searchAjax.htm?kw=微信 执行成功
2021-01-07 18:44:44,952 发送请求 INFO https://sj.qq.com/myapp/searchAjax.htm?kw=微信 执行成功
2021-01-07 18:44:45,259 发送请求 INFO https://sj.qq.com/myapp/searchAjax.htm?kw=微信 执行成功
2021-01-07 18:46:48,802 发送请求 INFO https://sj.qq.com/myapp/searchAjax.htm?kw=微信 执行成功
2021-01-07 18:46:49,062 发送请求 INFO https://sj.qq.com/myapp/searchAjax.htm?kw=王者荣耀 执行成功
2021-01-07 18:46:49,749 接口测试 ERROR {'response': '请求发送失败，详细信息： url=https://sj.qq.com/myapp/searchAjax.htm?kw=唯品会'}
2021-01-07 18:46:50,185 发送请求 INFO https://sj.qq.com/myapp/searchAjax.htm?kw=美团 执行成功
2021-01-07 18:46:50,525 发送请求 INFO https://sj.qq.com/myapp/searchAjax.htm?kw=爱奇艺 执行成功
2021-01-07 18:46:50,886 发送请求 INFO https://sj.qq.com/myapp/searchAjax.htm?kw=虎扑 执行成功
2021-01-07 18:48:45,855 发送请求 INFO https://sj.qq.com/myapp/searchAjax.htm?kw=微信 执行成功
2021-01-07 18:48:46,104 发送请求 INFO https://sj.qq.com/myapp/searchAjax.htm?kw=王者荣耀 执行成功
2021-01-07 18:48:46,382 接口测试 ERROR {'response': '请求发送失败，详细信息： url=https://sj.qq.com/myapp/searchAjax.htm?kw=唯品会'}
2021-01-07 18:48:46,816 发送请求 INFO https://sj.qq.com/myapp/searchAjax.htm?kw=美团 执行成功
2021-01-07 18:48:47,129 发送请求 INFO https://sj.qq.com/myapp/searchAjax.htm?kw=爱奇艺 执行成功
2021-01-07 18:48:47,399 发送请求 INFO https://sj.qq.com/myapp/searchAjax.htm?kw=虎扑 执行成功
2021-01-07 18:53:19,573 发送请求 INFO https://sj.qq.com/myapp/searchAjax.htm?kw=微信 执行成功
2021-01-07 18:53:20,130 发送请求 INFO https://sj.qq.com/myapp/searchAjax.htm?kw=王者荣耀 执行成功
2021-01-07 18:53:20,537 发送请求 INFO https://sj.qq.com/myapp/searchAjax.htm?kw=唯品会 执行成功
2021-01-07 18:53:20,991 发送请求 INFO https://sj.qq.com/myapp/searchAjax.htm?kw=美团 执行成功
2021-01-07 18:53:21,355 发送请求 INFO https://sj.qq.com/myapp/searchAjax.htm?kw=爱奇艺 执行成功
2021-01-07 18:53:22,155 发送请求 INFO https://sj.qq.com/myapp/searchAjax.htm?kw=虎扑 执行成功
2021-01-07 18:54:29,658 发送请求 INFO https://sj.qq.com/myapp/searchAjax.htm?kw=微信 执行成功
2021-01-07 18:54:30,102 发送请求 INFO https://sj.qq.com/myapp/searchAjax.htm?kw=王者荣耀 执行成功
2021-01-07 18:54:30,436 发送请求 INFO https://sj.qq.com/myapp/searchAjax.htm?kw=唯品会 执行成功
2021-01-07 18:54:30,714 发送请求 INFO https://sj.qq.com/myapp/searchAjax.htm?kw=美团 执行成功
2021-01-07 18:54:31,118 发送请求 INFO https://sj.qq.com/myapp/searchAjax.htm?kw=爱奇艺 执行成功
2021-01-07 18:54:31,589 发送请求 INFO https://sj.qq.com/myapp/searchAjax.htm?kw=虎扑 执行成功
2021-01-07 18:54:31,859 发送请求 INFO https://sj.qq.com/myapp/searchAjax.htm?kw=虎扑 执行成功
2021-01-07 18:57:34,010 发送请求 INFO https://sj.qq.com/myapp/searchAjax.htm?kw=微信 执行成功
2021-01-07 18:57:34,560 发送请求 INFO https://sj.qq.com/myapp/searchAjax.htm?kw=王者荣耀 执行成功
2021-01-07 18:57:34,912 发送请求 INFO https://sj.qq.com/myapp/searchAjax.htm?kw=唯品会 执行成功
2021-01-07 18:57:35,231 发送请求 INFO https://sj.qq.com/myapp/searchAjax.htm?kw=美团 执行成功
2021-01-07 18:57:35,649 发送请求 INFO https://sj.qq.com/myapp/searchAjax.htm?kw=爱奇艺 执行成功
2021-01-07 18:57:36,056 发送请求 INFO https://sj.qq.com/myapp/searchAjax.htm?kw=虎扑 执行成功
2021-01-07 18:57:36,500 发送请求 INFO https://sj.qq.com/myapp/searchAjax.htm?kw=虎扑 执行成功
2021-01-07 19:04:16,406 发送请求 INFO https://sj.qq.com/myapp/searchAjax.htm?kw=微信 执行成功
2021-01-07 19:04:16,841 发送请求 INFO https://sj.qq.com/myapp/searchAjax.htm?kw=王者荣耀 执行成功
2021-01-07 19:04:17,090 发送请求 INFO https://sj.qq.com/myapp/searchAjax.htm?kw=唯品会 执行成功
2021-01-07 19:04:17,619 发送请求 INFO https://sj.qq.com/myapp/searchAjax.htm?kw=美团 执行成功
2021-01-07 19:04:18,289 发送请求 INFO https://sj.qq.com/myapp/searchAjax.htm?kw=爱奇艺 执行成功
2021-01-07 19:04:18,649 发送请求 INFO https://sj.qq.com/myapp/searchAjax.htm?kw=虎扑 执行成功
2021-01-07 19:04:19,092 发送请求 INFO https://sj.qq.com/myapp/searchAjax.htm?kw=虎扑 执行成功
2021-01-07 19:06:05,295 发送请求 INFO https://sj.qq.com/myapp/searchAjax.htm?kw=微信 执行成功
2021-01-07 19:06:05,952 发送请求 INFO https://sj.qq.com/myapp/searchAjax.htm?kw=王者荣耀 执行成功
2021-01-07 19:06:06,317 发送请求 INFO https://sj.qq.com/myapp/searchAjax.htm?kw=QQ 执行成功
2021-01-07 19:06:06,597 发送请求 INFO https://sj.qq.com/myapp/searchAjax.htm?kw=唯品会 执行成功
2021-01-07 19:06:07,284 发送请求 INFO https://sj.qq.com/myapp/searchAjax.htm?kw=美团 执行成功
2021-01-07 19:06:07,614 发送请求 INFO https://sj.qq.com/myapp/searchAjax.htm?kw=支付宝 执行成功
2021-01-07 19:06:08,094 发送请求 INFO https://sj.qq.com/myapp/searchAjax.htm?kw=爱奇艺 执行成功
2021-01-07 19:06:08,463 发送请求 INFO https://sj.qq.com/myapp/searchAjax.htm?kw=虎扑 执行成功
2021-01-07 19:06:08,865 发送请求 INFO https://sj.qq.com/myapp/searchAjax.htm?kw=虎扑 执行成功
2021-01-07 19:06:40,906 发送请求 INFO https://sj.qq.com/myapp/searchAjax.htm?kw=微信 执行成功
2021-01-07 19:06:41,440 发送请求 INFO https://sj.qq.com/myapp/searchAjax.htm?kw=王者荣耀 执行成功
2021-01-07 19:06:41,982 发送请求 INFO https://sj.qq.com/myapp/searchAjax.htm?kw=QQ 执行成功
2021-01-07 19:06:42,246 发送请求 INFO https://sj.qq.com/myapp/searchAjax.htm?kw=唯品会 执行成功
2021-01-07 19:06:42,703 发送请求 INFO https://sj.qq.com/myapp/searchAjax.htm?kw=美团 执行成功
2021-01-07 19:06:43,188 发送请求 INFO https://sj.qq.com/myapp/searchAjax.htm?kw=支付宝 执行成功
2021-01-07 19:06:43,493 发送请求 INFO https://sj.qq.com/myapp/searchAjax.htm?kw=爱奇艺 执行成功
2021-01-07 19:06:44,028 发送请求 INFO https://sj.qq.com/myapp/searchAjax.htm?kw=虎扑 执行成功
2021-01-07 19:06:44,300 发送请求 INFO https://sj.qq.com/myapp/searchAjax.htm?kw=虎扑 执行成功
2021-01-07 19:07:27,727 发送请求 INFO https://sj.qq.com/myapp/searchAjax.htm?kw=微信 执行成功
2021-01-07 19:07:28,027 发送请求 INFO https://sj.qq.com/myapp/searchAjax.htm?kw=王者荣耀 执行成功
2021-01-07 19:07:28,442 发送请求 INFO https://sj.qq.com/myapp/searchAjax.htm?kw=QQ 执行成功
2021-01-07 19:07:28,817 发送请求 INFO https://sj.qq.com/myapp/searchAjax.htm?kw=唯品会 执行成功
2021-01-07 19:07:29,310 发送请求 INFO https://sj.qq.com/myapp/searchAjax.htm?kw=美团 执行成功
2021-01-07 19:07:29,678 发送请求 INFO https://sj.qq.com/myapp/searchAjax.htm?kw=支付宝 执行成功
2021-01-07 19:07:30,151 发送请求 INFO https://sj.qq.com/myapp/searchAjax.htm?kw=爱奇艺 执行成功
2021-01-07 19:07:30,563 发送请求 INFO https://sj.qq.com/myapp/searchAjax.htm?kw=虎扑 执行成功
2021-01-07 19:07:30,813 发送请求 INFO https://sj.qq.com/myapp/searchAjax.htm?kw=虎扑 执行成功
2021-01-07 19:08:54,033 发送请求 INFO https://sj.qq.com/myapp/searchAjax.htm?kw=微信 执行成功
2021-01-07 19:08:54,406 发送请求 INFO https://sj.qq.com/myapp/searchAjax.htm?kw=王者荣耀 执行成功
2021-01-07 19:08:54,698 发送请求 INFO https://sj.qq.com/myapp/searchAjax.htm?kw=QQ 执行成功
2021-01-07 19:08:55,041 发送请求 INFO https://sj.qq.com/myapp/searchAjax.htm?kw=唯品会 执行成功
2021-01-07 19:08:55,468 发送请求 INFO https://sj.qq.com/myapp/searchAjax.htm?kw=美团 执行成功
2021-01-07 19:08:56,007 发送请求 INFO https://sj.qq.com/myapp/searchAjax.htm?kw=支付宝 执行成功
2021-01-07 19:08:56,369 发送请求 INFO https://sj.qq.com/myapp/searchAjax.htm?kw=爱奇艺 执行成功
2021-01-07 19:08:56,636 发送请求 INFO https://sj.qq.com/myapp/searchAjax.htm?kw=虎扑 执行成功
2021-01-07 19:08:56,947 发送请求 INFO https://sj.qq.com/myapp/searchAjax.htm?kw=虎扑 执行成功
2021-01-07 19:09:27,966 发送请求 INFO https://sj.qq.com/myapp/searchAjax.htm?kw=微信 执行成功
2021-01-07 19:09:28,332 发送请求 INFO https://sj.qq.com/myapp/searchAjax.htm?kw=王者荣耀 执行成功
2021-01-07 19:09:28,777 发送请求 INFO https://sj.qq.com/myapp/searchAjax.htm?kw=QQ 执行成功
2021-01-07 19:09:30,463 发送请求 INFO https://sj.qq.com/myapp/searchAjax.htm?kw=美团 执行成功
2021-01-07 19:09:30,960 发送请求 INFO https://sj.qq.com/myapp/searchAjax.htm?kw=支付宝 执行成功
2021-01-07 19:09:31,277 发送请求 INFO https://sj.qq.com/myapp/searchAjax.htm?kw=爱奇艺 执行成功
2021-01-07 19:09:31,563 发送请求 INFO https://sj.qq.com/myapp/searchAjax.htm?kw=虎扑 执行成功
2021-01-07 19:09:31,945 发送请求 INFO https://sj.qq.com/myapp/searchAjax.htm?kw=虎扑 执行成功
2021-01-07 19:10:32,676 发送请求 INFO https://sj.qq.com/myapp/searchAjax.htm?kw=微信 执行成功
2021-01-07 19:10:33,050 发送请求 INFO https://sj.qq.com/myapp/searchAjax.htm?kw=王者荣耀 执行成功
2021-01-07 19:10:33,349 发送请求 INFO https://sj.qq.com/myapp/searchAjax.htm?kw=QQ 执行成功
2021-01-07 19:10:33,653 发送请求 INFO https://sj.qq.com/myapp/searchAjax.htm?kw=唯品会 执行成功
2021-01-07 19:10:33,949 发送请求 INFO https://sj.qq.com/myapp/searchAjax.htm?kw=美团 执行成功
2021-01-07 19:10:34,475 发送请求 INFO https://sj.qq.com/myapp/searchAjax.htm?kw=支付宝 执行成功
2021-01-07 19:10:34,823 发送请求 INFO https://sj.qq.com/myapp/searchAjax.htm?kw=爱奇艺 执行成功
2021-01-07 19:10:35,222 发送请求 INFO https://sj.qq.com/myapp/searchAjax.htm?kw=虎扑 执行成功
2021-01-07 19:10:35,636 发送请求 INFO https://sj.qq.com/myapp/searchAjax.htm?kw=虎扑 执行成功
2021-01-07 19:11:25,217 发送请求 INFO https://sj.qq.com/myapp/searchAjax.htm?kw=微信 执行成功
2021-01-07 19:11:26,162 发送请求 INFO https://sj.qq.com/myapp/searchAjax.htm?kw=王者荣耀 执行成功
2021-01-07 19:11:26,645 发送请求 INFO https://sj.qq.com/myapp/searchAjax.htm?kw=QQ 执行成功
2021-01-07 19:11:27,028 发送请求 INFO https://sj.qq.com/myapp/searchAjax.htm?kw=唯品会 执行成功
2021-01-07 19:11:27,458 发送请求 INFO https://sj.qq.com/myapp/searchAjax.htm?kw=美团 执行成功
2021-01-07 19:11:27,878 发送请求 INFO https://sj.qq.com/myapp/searchAjax.htm?kw=支付宝 执行成功
2021-01-07 19:11:28,201 发送请求 INFO https://sj.qq.com/myapp/searchAjax.htm?kw=爱奇艺 执行成功
2021-01-07 19:11:28,614 发送请求 INFO https://sj.qq.com/myapp/searchAjax.htm?kw=虎扑 执行成功
2021-01-07 19:11:28,990 发送请求 INFO https://sj.qq.com/myapp/searchAjax.htm?kw=虎扑 执行成功
2021-01-07 19:50:56,764 发送请求 INFO https://sj.qq.com/myapp/searchAjax.htm?kw=微信 执行成功
2021-01-07 19:58:44,300 发送请求 INFO https://sj.qq.com/myapp/searchAjax.htm?kw=微信 执行成功
2021-01-07 19:58:53,614 发送请求 INFO https://sj.qq.com/myapp/searchAjax.htm?kw=微信 执行成功
2021-01-07 19:59:18,661 发送请求 INFO https://sj.qq.com/myapp/searchAjax.htm?kw=微信 执行成功
2021-01-07 19:59:35,453 发送请求 INFO https://sj.qq.com/myapp/searchAjax.htm?kw=微信 执行成功
2021-01-07 20:00:59,613 发送请求 INFO https://sj.qq.com/myapp/searchAjax.htm?kw=微信 执行成功
2021-01-07 20:16:41,546 发送请求 INFO https://sj.qq.com/myapp/searchAjax.htm?kw=微信 执行成功
2021-01-07 20:18:12,476 发送请求 INFO https://sj.qq.com/myapp/searchAjax.htm?kw=微信 执行成功
2021-01-07 20:18:12,844 发送请求 INFO https://sj.qq.com/myapp/searchAjax.htm?kw=王者荣耀 执行成功
2021-01-07 20:18:13,304 发送请求 INFO https://sj.qq.com/myapp/searchAjax.htm?kw=QQ 执行成功
2021-01-07 20:18:13,727 发送请求 INFO https://sj.qq.com/myapp/searchAjax.htm?kw=唯品会 执行成功
2021-01-07 20:18:14,217 发送请求 INFO https://sj.qq.com/myapp/searchAjax.htm?kw=美团 执行成功
2021-01-07 20:18:14,598 发送请求 INFO https://sj.qq.com/myapp/searchAjax.htm?kw=支付宝 执行成功
2021-01-07 20:18:15,119 发送请求 INFO https://sj.qq.com/myapp/searchAjax.htm?kw=爱奇艺 执行成功
2021-01-07 20:18:15,400 发送请求 INFO https://sj.qq.com/myapp/searchAjax.htm?kw=虎扑 执行成功
2021-01-07 20:18:15,653 发送请求 INFO https://sj.qq.com/myapp/searchAjax.htm?kw=虎扑 执行成功
2021-01-07 20:19:30,861 发送请求 INFO https://sj.qq.com/myapp/searchAjax.htm?kw=微信 执行成功
2021-01-07 20:19:31,132 发送请求 INFO https://sj.qq.com/myapp/searchAjax.htm?kw=王者荣耀 执行成功
2021-01-07 20:19:31,368 发送请求 INFO https://sj.qq.com/myapp/searchAjax.htm?kw=QQ 执行成功
2021-01-07 20:19:31,720 发送请求 INFO https://sj.qq.com/myapp/searchAjax.htm?kw=唯品会 执行成功
2021-01-07 20:19:32,065 发送请求 INFO https://sj.qq.com/myapp/searchAjax.htm?kw=美团 执行成功
2021-01-07 20:19:32,393 发送请求 INFO https://sj.qq.com/myapp/searchAjax.htm?kw=支付宝 执行成功
2021-01-07 20:19:32,720 发送请求 INFO https://sj.qq.com/myapp/searchAjax.htm?kw=爱奇艺 执行成功
2021-01-07 20:19:33,004 发送请求 INFO https://sj.qq.com/myapp/searchAjax.htm?kw=虎扑 执行成功
2021-01-07 20:19:33,243 发送请求 INFO https://sj.qq.com/myapp/searchAjax.htm?kw=虎扑 执行成功
2021-01-07 20:23:01,525 发送请求 INFO https://sj.qq.com/myapp/searchAjax.htm?kw=微信 执行成功
2021-01-07 20:23:02,124 发送请求 INFO https://sj.qq.com/myapp/searchAjax.htm?kw=王者荣耀 执行成功
2021-01-07 20:23:02,501 发送请求 INFO https://sj.qq.com/myapp/searchAjax.htm?kw=QQ 执行成功
2021-01-07 20:23:03,015 发送请求 INFO https://sj.qq.com/myapp/searchAjax.htm?kw=唯品会 执行成功
2021-01-07 20:23:03,477 发送请求 INFO https://sj.qq.com/myapp/searchAjax.htm?kw=美团 执行成功
2021-01-07 20:23:03,882 发送请求 INFO https://sj.qq.com/myapp/searchAjax.htm?kw=支付宝 执行成功
2021-01-07 20:23:04,219 发送请求 INFO https://sj.qq.com/myapp/searchAjax.htm?kw=爱奇艺 执行成功
2021-01-07 20:23:04,503 发送请求 INFO https://sj.qq.com/myapp/searchAjax.htm?kw=虎扑 执行成功
2021-01-07 20:23:04,799 发送请求 INFO https://sj.qq.com/myapp/searchAjax.htm?kw=虎扑 执行成功
2021-01-07 20:25:13,393 发送请求 INFO https://sj.qq.com/myapp/searchAjax.htm?kw=微信 执行成功
2021-01-07 20:25:14,135 发送请求 INFO https://sj.qq.com/myapp/searchAjax.htm?kw=王者荣耀 执行成功
2021-01-07 20:25:14,469 发送请求 INFO https://sj.qq.com/myapp/searchAjax.htm?kw=QQ 执行成功
2021-01-07 20:25:14,801 发送请求 INFO https://sj.qq.com/myapp/searchAjax.htm?kw=唯品会 执行成功
2021-01-07 20:25:15,114 发送请求 INFO https://sj.qq.com/myapp/searchAjax.htm?kw=美团 执行成功
2021-01-07 20:25:15,509 发送请求 INFO https://sj.qq.com/myapp/searchAjax.htm?kw=支付宝 执行成功
2021-01-07 20:25:15,866 发送请求 INFO https://sj.qq.com/myapp/searchAjax.htm?kw=爱奇艺 执行成功
2021-01-07 20:25:16,230 发送请求 INFO https://sj.qq.com/myapp/searchAjax.htm?kw=虎扑 执行成功
2021-01-07 20:25:16,471 发送请求 INFO https://sj.qq.com/myapp/searchAjax.htm?kw=虎扑 执行成功
2021-01-07 20:26:54,561 发送请求 INFO https://sj.qq.com/myapp/searchAjax.htm?kw=微信 执行成功
2021-01-07 20:26:54,834 发送请求 INFO https://sj.qq.com/myapp/searchAjax.htm?kw=王者荣耀 执行成功
2021-01-07 20:26:55,174 发送请求 INFO https://sj.qq.com/myapp/searchAjax.htm?kw=QQ 执行成功
2021-01-07 20:26:55,655 发送请求 INFO https://sj.qq.com/myapp/searchAjax.htm?kw=唯品会 执行成功
2021-01-07 20:26:55,939 发送请求 INFO https://sj.qq.com/myapp/searchAjax.htm?kw=美团 执行成功
2021-01-07 20:26:56,224 发送请求 INFO https://sj.qq.com/myapp/searchAjax.htm?kw=支付宝 执行成功
2021-01-07 20:26:56,436 发送请求 INFO https://sj.qq.com/myapp/searchAjax.htm?kw=爱奇艺 执行成功
2021-01-07 20:26:56,721 发送请求 INFO https://sj.qq.com/myapp/searchAjax.htm?kw=虎扑 执行成功
2021-01-07 20:26:57,023 发送请求 INFO https://sj.qq.com/myapp/searchAjax.htm?kw=虎扑 执行成功
2021-01-07 20:28:07,867 发送请求 INFO https://sj.qq.com/myapp/searchAjax.htm?kw=微信 执行成功
2021-01-07 20:28:08,126 发送请求 INFO https://sj.qq.com/myapp/searchAjax.htm?kw=王者荣耀 执行成功
2021-01-07 20:28:08,428 发送请求 INFO https://sj.qq.com/myapp/searchAjax.htm?kw=QQ 执行成功
2021-01-07 20:28:08,682 发送请求 INFO https://sj.qq.com/myapp/searchAjax.htm?kw=唯品会 执行成功
2021-01-07 20:28:08,944 发送请求 INFO https://sj.qq.com/myapp/searchAjax.htm?kw=美团 执行成功
2021-01-07 20:28:09,182 发送请求 INFO https://sj.qq.com/myapp/searchAjax.htm?kw=支付宝 执行成功
2021-01-07 20:28:09,423 发送请求 INFO https://sj.qq.com/myapp/searchAjax.htm?kw=爱奇艺 执行成功
2021-01-07 20:28:09,671 发送请求 INFO https://sj.qq.com/myapp/searchAjax.htm?kw=虎扑 执行成功
2021-01-07 20:28:09,899 发送请求 INFO https://sj.qq.com/myapp/searchAjax.htm?kw=虎扑 执行成功
2021-01-07 20:28:47,202 发送请求 INFO https://sj.qq.com/myapp/searchAjax.htm?kw=微信 执行成功
2021-01-07 20:28:47,548 发送请求 INFO https://sj.qq.com/myapp/searchAjax.htm?kw=王者荣耀 执行成功
2021-01-07 20:28:47,770 发送请求 INFO https://sj.qq.com/myapp/searchAjax.htm?kw=QQ 执行成功
2021-01-07 20:28:48,001 发送请求 INFO https://sj.qq.com/myapp/searchAjax.htm?kw=唯品会 执行成功
2021-01-07 20:28:48,375 发送请求 INFO https://sj.qq.com/myapp/searchAjax.htm?kw=美团 执行成功
2021-01-07 20:28:48,722 发送请求 INFO https://sj.qq.com/myapp/searchAjax.htm?kw=支付宝 执行成功
2021-01-07 20:28:49,015 发送请求 INFO https://sj.qq.com/myapp/searchAjax.htm?kw=爱奇艺 执行成功
2021-01-07 20:28:49,329 发送请求 INFO https://sj.qq.com/myapp/searchAjax.htm?kw=虎扑 执行成功
2021-01-07 20:28:49,625 发送请求 INFO https://sj.qq.com/myapp/searchAjax.htm?kw=虎扑 执行成功
2021-01-07 20:56:47,939 发送请求 INFO https://sj.qq.com/myapp/searchAjax.htm?kw=微信 执行成功
2021-01-07 20:56:49,250 发送请求 INFO https://sj.qq.com/myapp/searchAjax.htm?kw=王者荣耀 执行成功
2021-01-07 20:56:49,589 发送请求 INFO https://sj.qq.com/myapp/searchAjax.htm?kw=QQ 执行成功
2021-01-07 20:56:49,948 发送请求 INFO https://sj.qq.com/myapp/searchAjax.htm?kw=唯品会 执行成功
2021-01-07 20:56:50,654 发送请求 INFO https://sj.qq.com/myapp/searchAjax.htm?kw=美团 执行成功
2021-01-07 20:56:51,014 发送请求 INFO https://sj.qq.com/myapp/searchAjax.htm?kw=支付宝 执行成功
2021-01-07 20:56:51,347 发送请求 INFO https://sj.qq.com/myapp/searchAjax.htm?kw=爱奇艺 执行成功
2021-01-07 20:56:51,658 发送请求 INFO https://sj.qq.com/myapp/searchAjax.htm?kw=虎扑 执行成功
2021-01-07 20:56:51,938 发送请求 INFO https://sj.qq.com/myapp/searchAjax.htm?kw=虎扑 执行成功
2021-01-07 20:57:24,439 发送请求 INFO https://sj.qq.com/myapp/searchAjax.htm?kw=微信 执行成功
2021-01-07 20:57:24,910 发送请求 INFO https://sj.qq.com/myapp/searchAjax.htm?kw=王者荣耀 执行成功
2021-01-07 20:57:25,168 发送请求 INFO https://sj.qq.com/myapp/searchAjax.htm?kw=QQ 执行成功
2021-01-07 20:57:25,475 发送请求 INFO https://sj.qq.com/myapp/searchAjax.htm?kw=唯品会 执行成功
2021-01-07 20:57:25,705 发送请求 INFO https://sj.qq.com/myapp/searchAjax.htm?kw=美团 执行成功
2021-01-07 20:57:26,032 发送请求 INFO https://sj.qq.com/myapp/searchAjax.htm?kw=支付宝 执行成功
2021-01-07 20:57:26,294 发送请求 INFO https://sj.qq.com/myapp/searchAjax.htm?kw=爱奇艺 执行成功
2021-01-07 20:57:26,544 发送请求 INFO https://sj.qq.com/myapp/searchAjax.htm?kw=虎扑 执行成功
2021-01-07 20:57:26,777 发送请求 INFO https://sj.qq.com/myapp/searchAjax.htm?kw=虎扑 执行成功
