2021-02-08 11:03:07,253 发送请求 INFO https://sj.qq.com/myapp/searchAjax.htm 执行成功
2021-02-08 11:03:07,592 发送请求 INFO https://sj.qq.com/myapp/searchAjax.htm 执行成功
2021-02-08 11:03:07,895 发送请求 INFO https://sj.qq.com/myapp/searchAjax.htm?kw=QQ 执行成功
2021-02-08 11:03:08,134 发送请求 INFO https://sj.qq.com/myapp/searchAjax.htm?kw=唯品会 执行成功
2021-02-08 11:03:08,391 发送请求 INFO https://sj.qq.com/myapp/searchAjax.htm?kw=美团 执行成功
2021-02-08 11:03:08,656 发送请求 INFO https://sj.qq.com/myapp/searchAjax.htm?kw=支付宝 执行成功
2021-02-08 11:03:08,980 发送请求 INFO https://sj.qq.com/myapp/searchAjax.htm?kw=爱奇艺 执行成功
2021-02-08 11:03:09,285 发送请求 INFO https://sj.qq.com/myapp/searchAjax.htm?kw=虎扑 执行成功
2021-02-08 11:03:09,624 发送请求 INFO https://app.nicebooker.com/parental/app/v1/user/phoneLogin 执行成功
2021-02-08 11:03:10,508 发送请求 INFO https://app.nicebooker.com/parental/app/v1/userbaby/getDetailInfo 执行成功
2021-02-08 11:03:11,722 发送请求 INFO https://app.nicebooker.com/parental/app/v1/common/todayCourseRemind 执行成功
2021-02-08 11:03:12,358 发送请求 INFO https://app.nicebooker.com/parental/app/v1/common/subjectTopiclist 执行成功
2021-02-08 11:03:12,883 发送请求 INFO https://app.nicebooker.com/parental/app/v1/commentReport/getSystemMsgNum 执行成功
2021-02-08 11:03:13,430 发送请求 INFO https://app.nicebooker.com/parental/app/v1/commentReport/getReportMsgNums 执行成功
2021-02-08 11:03:13,990 发送请求 INFO https://app.nicebooker.com/parental/app/v1/evaluation/getEvaluationIndexStatus 执行成功
2021-02-08 11:03:14,516 发送请求 INFO https://app.nicebooker.com/parental/app/v1/user/getUserStatus 执行成功
2021-02-08 11:03:15,060 发送请求 INFO https://app.nicebooker.com/parental/app/v1/common/listBanner 执行成功
2021-02-08 11:03:15,584 发送请求 INFO https://app.nicebooker.com/parental/app/v1/common/versionUpdate 执行成功
2021-02-08 11:03:16,124 发送请求 INFO https://app.nicebooker.com/parental/app/v1/common/getAdvertising 执行成功
2021-02-08 11:03:16,691 发送请求 INFO https://app.nicebooker.com/parental/app/v1/integral/getIntegral 执行成功
2021-02-08 11:03:17,250 发送请求 INFO https://app.nicebooker.com/parental/app/v1/evaluation/getEvaluationStatus 执行成功
2021-02-08 11:03:17,799 发送请求 INFO https://app.nicebooker.com/parental/app/v1/integral/getIntegral 执行成功
2021-02-08 11:03:18,353 发送请求 INFO https://app.nicebooker.com/parental/app/v1/common/versionUpdate 执行成功
2021-02-08 11:03:18,926 发送请求 INFO https://app.nicebooker.com/parental/app/v1/userbaby/getDetailInfo 执行成功
2021-02-08 11:03:20,005 发送请求 INFO https://app.nicebooker.com/parental/app/v1/integral/getIntegral 执行成功
2021-02-08 11:03:20,513 发送请求 INFO https://app.nicebooker.com/parental/app/v1/teacher/listTeacher 执行成功
2021-02-08 11:03:21,566 发送请求 INFO https://app.nicebooker.com/parental/app/v1/integral/getIntegral 执行成功
2021-02-08 11:03:22,786 发送请求 INFO https://app.nicebooker.com/parental/app/v1/integral/getIntegral 执行成功
2021-02-08 11:03:23,320 发送请求 INFO https://app.nicebooker.com/parental/app/v1/integral/getIntegral 执行成功
2021-02-08 11:03:24,528 发送请求 INFO https://app.nicebooker.com/parental/app/v1/common//subjectTopiclist 执行成功
2021-02-08 11:03:25,079 发送请求 INFO https://app.nicebooker.com/parental/app/v1/common/subjectTopiclist 执行成功
2021-02-08 11:03:25,618 发送请求 INFO https://app.nicebooker.com/parental/app/v1/course/checkSpecial 执行成功
2021-02-08 11:03:26,155 发送请求 INFO https://app.nicebooker.com/parental/app/v1/common/getUnSubscribe 执行成功
2021-02-08 11:03:26,775 发送请求 INFO https://app.nicebooker.com/parental/app/v1/course/getCourseCatalogList 执行成功
2021-02-08 11:03:27,319 发送请求 INFO https://app.nicebooker.com/parental/app/v1/commentReport/getReportMsgNums 执行成功
2021-02-08 11:03:27,930 发送请求 INFO https://app.nicebooker.com/parental/app/v1/childCamp/getConfigDataByCampId 执行成功
2021-02-08 11:03:28,688 发送请求 INFO https://app.nicebooker.com/parental/app/v1/childCamp/getUserCourseList 执行成功
2021-02-08 11:03:29,243 发送请求 INFO https://app.nicebooker.com/parental/app/v1/clockin/getClockInActivity 执行成功
2021-02-08 11:03:29,600 发送请求 INFO https://sj.qq.com/myapp/searchAjax.htm 执行成功
2021-02-08 11:03:30,040 发送请求 INFO https://sj.qq.com/myapp/searchAjax.htm 执行成功
2021-02-08 11:03:30,286 发送请求 INFO https://sj.qq.com/myapp/searchAjax.htm?kw=QQ 执行成功
2021-02-08 11:03:30,603 发送请求 INFO https://sj.qq.com/myapp/searchAjax.htm?kw=唯品会 执行成功
2021-02-08 11:03:30,873 发送请求 INFO https://sj.qq.com/myapp/searchAjax.htm?kw=美团 执行成功
2021-02-08 11:03:31,163 发送请求 INFO https://sj.qq.com/myapp/searchAjax.htm?kw=支付宝 执行成功
2021-02-08 11:03:31,413 发送请求 INFO https://sj.qq.com/myapp/searchAjax.htm?kw=爱奇艺 执行成功
2021-02-08 11:03:31,759 发送请求 INFO https://sj.qq.com/myapp/searchAjax.htm?kw=虎扑 执行成功
