2021-02-19 16:32:25,404 发送请求 INFO https://sj.qq.com/myapp/searchAjax.htm 执行成功
2021-02-19 16:32:25,814 发送请求 INFO https://sj.qq.com/myapp/searchAjax.htm 执行成功
2021-02-19 16:32:26,061 发送请求 INFO https://sj.qq.com/myapp/searchAjax.htm?kw=QQ 执行成功
2021-02-19 16:32:26,318 发送请求 INFO https://sj.qq.com/myapp/searchAjax.htm?kw=唯品会 执行成功
2021-02-19 16:32:26,615 发送请求 INFO https://sj.qq.com/myapp/searchAjax.htm?kw=美团 执行成功
2021-02-19 16:32:26,962 发送请求 INFO https://sj.qq.com/myapp/searchAjax.htm?kw=支付宝 执行成功
2021-02-19 16:32:27,267 发送请求 INFO https://sj.qq.com/myapp/searchAjax.htm?kw=爱奇艺 执行成功
2021-02-19 16:32:27,561 发送请求 INFO https://sj.qq.com/myapp/searchAjax.htm?kw=虎扑 执行成功
2021-02-19 16:32:27,967 发送请求 INFO https://app.nicebooker.com/parental/app/v1/user/phoneLogin 执行成功
2021-02-19 16:32:28,930 发送请求 INFO https://app.nicebooker.com/parental/app/v1/userbaby/getDetailInfo 执行成功
2021-02-19 16:32:30,887 发送请求 INFO https://app.nicebooker.com/parental/app/v1/common/todayCourseRemind 执行成功
2021-02-19 16:32:31,621 发送请求 INFO https://app.nicebooker.com/parental/app/v1/common/subjectTopiclist 执行成功
2021-02-19 16:32:32,240 发送请求 INFO https://app.nicebooker.com/parental/app/v1/commentReport/getSystemMsgNum 执行成功
2021-02-19 16:32:32,963 发送请求 INFO https://app.nicebooker.com/parental/app/v1/commentReport/getReportMsgNums 执行成功
2021-02-19 16:32:33,651 发送请求 INFO https://app.nicebooker.com/parental/app/v1/evaluation/getEvaluationIndexStatus 执行成功
2021-02-19 16:32:34,237 发送请求 INFO https://app.nicebooker.com/parental/app/v1/user/getUserStatus 执行成功
2021-02-19 16:32:35,036 发送请求 INFO https://app.nicebooker.com/parental/app/v1/common/listBanner 执行成功
2021-02-19 16:32:35,724 发送请求 INFO https://app.nicebooker.com/parental/app/v1/common/versionUpdate 执行成功
2021-02-19 16:32:36,325 发送请求 INFO https://app.nicebooker.com/parental/app/v1/common/getAdvertising 执行成功
2021-02-19 16:32:36,984 发送请求 INFO https://app.nicebooker.com/parental/app/v1/integral/getIntegral 执行成功
2021-02-19 16:32:37,685 发送请求 INFO https://app.nicebooker.com/parental/app/v1/evaluation/getEvaluationStatus 执行成功
2021-02-19 16:32:38,296 发送请求 INFO https://app.nicebooker.com/parental/app/v1/integral/getIntegral 执行成功
2021-02-19 16:32:38,894 发送请求 INFO https://app.nicebooker.com/parental/app/v1/common/versionUpdate 执行成功
2021-02-19 16:32:39,574 发送请求 INFO https://app.nicebooker.com/parental/app/v1/userbaby/getDetailInfo 执行成功
2021-02-19 16:32:40,848 发送请求 INFO https://app.nicebooker.com/parental/app/v1/integral/getIntegral 执行成功
2021-02-19 16:32:41,468 发送请求 INFO https://app.nicebooker.com/parental/app/v1/teacher/listTeacher 执行成功
2021-02-19 16:32:42,720 发送请求 INFO https://app.nicebooker.com/parental/app/v1/integral/getIntegral 执行成功
2021-02-19 16:32:44,004 发送请求 INFO https://app.nicebooker.com/parental/app/v1/integral/getIntegral 执行成功
2021-02-19 16:32:44,616 发送请求 INFO https://app.nicebooker.com/parental/app/v1/integral/getIntegral 执行成功
2021-02-19 16:32:45,916 发送请求 INFO https://app.nicebooker.com/parental/app/v1/common//subjectTopiclist 执行成功
2021-02-19 16:32:46,580 发送请求 INFO https://app.nicebooker.com/parental/app/v1/common/subjectTopiclist 执行成功
2021-02-19 16:32:47,126 发送请求 INFO https://app.nicebooker.com/parental/app/v1/course/checkSpecial 执行成功
2021-02-19 16:32:47,796 发送请求 INFO https://app.nicebooker.com/parental/app/v1/common/getUnSubscribe 执行成功
2021-02-19 16:32:48,445 发送请求 INFO https://app.nicebooker.com/parental/app/v1/course/getCourseCatalogList 执行成功
2021-02-19 16:32:49,086 发送请求 INFO https://app.nicebooker.com/parental/app/v1/commentReport/getReportMsgNums 执行成功
2021-02-19 16:32:49,718 发送请求 INFO https://app.nicebooker.com/parental/app/v1/childCamp/getConfigDataByCampId 执行成功
2021-02-19 16:32:50,494 发送请求 INFO https://app.nicebooker.com/parental/app/v1/childCamp/getUserCourseList 执行成功
2021-02-19 16:32:51,132 发送请求 INFO https://app.nicebooker.com/parental/app/v1/clockin/getClockInActivity 执行成功
2021-02-19 16:32:51,517 发送请求 INFO https://sj.qq.com/myapp/searchAjax.htm 执行成功
2021-02-19 16:32:51,868 发送请求 INFO https://sj.qq.com/myapp/searchAjax.htm 执行成功
2021-02-19 16:32:52,116 发送请求 INFO https://sj.qq.com/myapp/searchAjax.htm?kw=美团 执行成功
2021-02-19 16:32:52,369 发送请求 INFO https://sj.qq.com/myapp/searchAjax.htm?kw=爱奇艺 执行成功
2021-02-19 16:32:52,580 发送请求 INFO https://sj.qq.com/myapp/searchAjax.htm?kw=虎扑 执行成功
