2021-02-08 11:04:02,570 发送请求 INFO https://sj.qq.com/myapp/searchAjax.htm 执行成功
2021-02-08 11:04:02,958 发送请求 INFO https://sj.qq.com/myapp/searchAjax.htm 执行成功
2021-02-08 11:04:03,231 发送请求 INFO https://sj.qq.com/myapp/searchAjax.htm?kw=QQ 执行成功
2021-02-08 11:04:03,539 发送请求 INFO https://sj.qq.com/myapp/searchAjax.htm?kw=唯品会 执行成功
2021-02-08 11:04:03,782 发送请求 INFO https://sj.qq.com/myapp/searchAjax.htm?kw=美团 执行成功
2021-02-08 11:04:04,089 发送请求 INFO https://sj.qq.com/myapp/searchAjax.htm?kw=支付宝 执行成功
2021-02-08 11:04:04,455 发送请求 INFO https://sj.qq.com/myapp/searchAjax.htm?kw=爱奇艺 执行成功
2021-02-08 11:04:04,729 发送请求 INFO https://sj.qq.com/myapp/searchAjax.htm?kw=虎扑 执行成功
2021-02-08 11:04:05,036 发送请求 INFO https://app.nicebooker.com/parental/app/v1/user/phoneLogin 执行成功
2021-02-08 11:04:05,861 发送请求 INFO https://app.nicebooker.com/parental/app/v1/userbaby/getDetailInfo 执行成功
2021-02-08 11:04:07,018 发送请求 INFO https://app.nicebooker.com/parental/app/v1/common/todayCourseRemind 执行成功
2021-02-08 11:04:07,566 发送请求 INFO https://app.nicebooker.com/parental/app/v1/common/subjectTopiclist 执行成功
2021-02-08 11:04:08,053 发送请求 INFO https://app.nicebooker.com/parental/app/v1/commentReport/getSystemMsgNum 执行成功
2021-02-08 11:04:08,594 发送请求 INFO https://app.nicebooker.com/parental/app/v1/commentReport/getReportMsgNums 执行成功
2021-02-08 11:04:09,122 发送请求 INFO https://app.nicebooker.com/parental/app/v1/evaluation/getEvaluationIndexStatus 执行成功
2021-02-08 11:04:09,642 发送请求 INFO https://app.nicebooker.com/parental/app/v1/user/getUserStatus 执行成功
2021-02-08 11:04:10,173 发送请求 INFO https://app.nicebooker.com/parental/app/v1/common/listBanner 执行成功
2021-02-08 11:04:10,683 发送请求 INFO https://app.nicebooker.com/parental/app/v1/common/versionUpdate 执行成功
2021-02-08 11:04:11,168 发送请求 INFO https://app.nicebooker.com/parental/app/v1/common/getAdvertising 执行成功
2021-02-08 11:04:11,715 发送请求 INFO https://app.nicebooker.com/parental/app/v1/integral/getIntegral 执行成功
2021-02-08 11:04:12,194 发送请求 INFO https://app.nicebooker.com/parental/app/v1/evaluation/getEvaluationStatus 执行成功
2021-02-08 11:04:12,711 发送请求 INFO https://app.nicebooker.com/parental/app/v1/integral/getIntegral 执行成功
2021-02-08 11:04:13,194 发送请求 INFO https://app.nicebooker.com/parental/app/v1/common/versionUpdate 执行成功
2021-02-08 11:04:13,738 发送请求 INFO https://app.nicebooker.com/parental/app/v1/userbaby/getDetailInfo 执行成功
2021-02-08 11:04:14,747 发送请求 INFO https://app.nicebooker.com/parental/app/v1/integral/getIntegral 执行成功
2021-02-08 11:04:15,276 发送请求 INFO https://app.nicebooker.com/parental/app/v1/teacher/listTeacher 执行成功
2021-02-08 11:04:16,335 发送请求 INFO https://app.nicebooker.com/parental/app/v1/integral/getIntegral 执行成功
2021-02-08 11:04:17,469 发送请求 INFO https://app.nicebooker.com/parental/app/v1/integral/getIntegral 执行成功
2021-02-08 11:04:17,965 发送请求 INFO https://app.nicebooker.com/parental/app/v1/integral/getIntegral 执行成功
2021-02-08 11:04:19,093 发送请求 INFO https://app.nicebooker.com/parental/app/v1/common//subjectTopiclist 执行成功
2021-02-08 11:04:19,627 发送请求 INFO https://app.nicebooker.com/parental/app/v1/common/subjectTopiclist 执行成功
2021-02-08 11:04:20,139 发送请求 INFO https://app.nicebooker.com/parental/app/v1/course/checkSpecial 执行成功
2021-02-08 11:04:20,662 发送请求 INFO https://app.nicebooker.com/parental/app/v1/common/getUnSubscribe 执行成功
2021-02-08 11:04:21,204 发送请求 INFO https://app.nicebooker.com/parental/app/v1/course/getCourseCatalogList 执行成功
2021-02-08 11:04:21,695 发送请求 INFO https://app.nicebooker.com/parental/app/v1/commentReport/getReportMsgNums 执行成功
2021-02-08 11:04:22,245 发送请求 INFO https://app.nicebooker.com/parental/app/v1/childCamp/getConfigDataByCampId 执行成功
2021-02-08 11:04:22,964 发送请求 INFO https://app.nicebooker.com/parental/app/v1/childCamp/getUserCourseList 执行成功
2021-02-08 11:04:23,486 发送请求 INFO https://app.nicebooker.com/parental/app/v1/clockin/getClockInActivity 执行成功
2021-02-08 11:04:23,887 发送请求 INFO https://sj.qq.com/myapp/searchAjax.htm 执行成功
2021-02-08 11:04:24,221 发送请求 INFO https://sj.qq.com/myapp/searchAjax.htm 执行成功
2021-02-08 11:04:24,479 发送请求 INFO https://sj.qq.com/myapp/searchAjax.htm?kw=QQ 执行成功
2021-02-08 11:04:24,679 发送请求 INFO https://sj.qq.com/myapp/searchAjax.htm?kw=唯品会 执行成功
2021-02-08 11:04:24,956 发送请求 INFO https://sj.qq.com/myapp/searchAjax.htm?kw=美团 执行成功
2021-02-08 11:04:25,185 发送请求 INFO https://sj.qq.com/myapp/searchAjax.htm?kw=支付宝 执行成功
2021-02-08 11:04:25,468 发送请求 INFO https://sj.qq.com/myapp/searchAjax.htm?kw=爱奇艺 执行成功
2021-02-08 11:04:25,731 发送请求 INFO https://sj.qq.com/myapp/searchAjax.htm?kw=虎扑 执行成功
