2021-01-30 00:57:47,142 发送请求 INFO https://app.nicebooker.com/parental/app/v1/userbaby/getDetailInfo 执行成功
2021-01-30 00:58:55,435 发送请求 INFO https://app.nicebooker.com/parental/app/v1/userbaby/getDetailInfo 执行成功
2021-01-30 01:00:01,425 发送请求 INFO https://sj.qq.com/myapp/searchAjax.htm 执行成功
2021-01-30 01:00:01,670 发送请求 INFO https://sj.qq.com/myapp/searchAjax.htm 执行成功
2021-01-30 01:00:02,205 发送请求 INFO https://app.nicebooker.com/parental/app/v1/userbaby/getDetailInfo 执行成功
2021-01-30 01:06:04,163 发送请求 INFO https://sj.qq.com/myapp/searchAjax.htm 执行成功
2021-01-30 01:06:04,524 发送请求 INFO https://sj.qq.com/myapp/searchAjax.htm 执行成功
2021-01-30 01:06:04,767 发送请求 INFO https://sj.qq.com/myapp/searchAjax.htm?kw=QQ 执行成功
2021-01-30 01:06:05,024 发送请求 INFO https://sj.qq.com/myapp/searchAjax.htm?kw=唯品会 执行成功
2021-01-30 01:06:05,357 发送请求 INFO https://sj.qq.com/myapp/searchAjax.htm?kw=美团 执行成功
2021-01-30 01:06:05,755 发送请求 INFO https://sj.qq.com/myapp/searchAjax.htm?kw=支付宝 执行成功
2021-01-30 01:06:06,073 发送请求 INFO https://sj.qq.com/myapp/searchAjax.htm?kw=爱奇艺 执行成功
2021-01-30 01:06:06,355 发送请求 INFO https://sj.qq.com/myapp/searchAjax.htm?kw=虎扑 执行成功
2021-01-30 01:06:07,059 发送请求 INFO https://app.nicebooker.com/parental/app/v1/user/phoneLogin 执行成功
2021-01-30 01:06:07,876 发送请求 INFO https://app.nicebooker.com/parental/app/v1/userbaby/getDetailInfo 执行成功
2021-01-30 01:06:08,901 发送请求 INFO https://app.nicebooker.com/parental/app/v1/common/todayCourseRemind 执行成功
2021-01-30 01:06:09,518 发送请求 INFO https://app.nicebooker.com/parental/app/v1/common/subjectTopiclist 执行成功
2021-01-30 01:06:09,925 发送请求 INFO https://app.nicebooker.com/parental/app/v1/commentReport/getSystemMsgNum 执行成功
2021-01-30 01:06:10,439 发送请求 INFO https://app.nicebooker.com/parental/app/v1/commentReport/getReportMsgNums 执行成功
2021-01-30 01:06:10,954 发送请求 INFO https://app.nicebooker.com/parental/app/v1/evaluation/getEvaluationIndexStatus 执行成功
2021-01-30 01:06:11,345 发送请求 INFO https://app.nicebooker.com/parental/app/v1/user/getUserStatus 执行成功
2021-01-30 01:06:11,772 发送请求 INFO https://app.nicebooker.com/parental/app/v1/common/listBanner 执行成功
2021-01-30 01:06:12,219 发送请求 INFO https://app.nicebooker.com/parental/app/v1/common/versionUpdate 执行成功
2021-01-30 01:06:12,694 发送请求 INFO https://app.nicebooker.com/parental/app/v1/common/getAdvertising 执行成功
2021-01-30 01:06:13,113 发送请求 INFO https://app.nicebooker.com/parental/app/v1/integral/getIntegral 执行成功
2021-01-30 01:06:13,610 发送请求 INFO https://app.nicebooker.com/parental/app/v1/evaluation/getEvaluationStatus 执行成功
2021-01-30 01:06:14,232 发送请求 INFO https://app.nicebooker.com/parental/app/v1/integral/getIntegral 执行成功
2021-01-30 01:06:14,648 发送请求 INFO https://app.nicebooker.com/parental/app/v1/common/versionUpdate 执行成功
2021-01-30 01:06:15,128 发送请求 INFO https://app.nicebooker.com/parental/app/v1/userbaby/getDetailInfo 执行成功
2021-01-30 01:06:16,175 发送请求 INFO https://app.nicebooker.com/parental/app/v1/integral/getIntegral 执行成功
2021-01-30 01:06:16,679 发送请求 INFO https://app.nicebooker.com/parental/app/v1/teacher/listTeacher 执行成功
2021-01-30 01:06:17,808 发送请求 INFO https://app.nicebooker.com/parental/app/v1/integral/getIntegral 执行成功
2021-01-30 01:06:18,327 发送请求 INFO https://app.nicebooker.com/parental/app/v1/userbaby/getDetailInfo 执行成功
2021-01-30 01:06:19,322 发送请求 INFO https://app.nicebooker.com/parental/app/v1/integral/getIntegral 执行成功
2021-01-30 01:06:19,859 发送请求 INFO https://app.nicebooker.com/parental/app/v1/integral/getIntegral 执行成功
2021-01-30 01:06:20,885 发送请求 INFO https://app.nicebooker.com/parental/app/v1/common/todayCourseRemind 执行成功
2021-01-30 01:06:21,403 发送请求 INFO https://app.nicebooker.com/parental/app/v1/common/subjectTopiclist 执行成功
2021-01-30 01:06:21,880 发送请求 INFO https://app.nicebooker.com/parental/app/v1/course/checkSpecial 执行成功
2021-01-30 01:06:22,321 发送请求 INFO https://app.nicebooker.com/parental/app/v1/common/getUnSubscribe 执行成功
2021-01-30 01:06:22,799 发送请求 INFO https://app.nicebooker.com/parental/app/v1/course/getCourseCatalogList 执行成功
2021-01-30 01:06:23,236 发送请求 INFO https://app.nicebooker.com/parental/app/v1/commentReport/getReportMsgNums 执行成功
2021-01-30 01:06:23,728 发送请求 INFO https://app.nicebooker.com/parental/app/v1/childCamp/getConfigDataByCampId 执行成功
2021-01-30 01:06:24,471 发送请求 INFO https://app.nicebooker.com/parental/app/v1/childCamp/getUserCourseList 执行成功
2021-01-30 01:06:24,953 发送请求 INFO https://app.nicebooker.com/parental/app/v1/clockin/getClockInActivity 执行成功
2021-01-30 23:34:18,926 发送请求 INFO https://sj.qq.com/myapp/searchAjax.htm 执行成功
2021-01-30 23:34:19,339 发送请求 INFO https://sj.qq.com/myapp/searchAjax.htm 执行成功
2021-01-30 23:34:19,598 发送请求 INFO https://sj.qq.com/myapp/searchAjax.htm?kw=QQ 执行成功
2021-01-30 23:34:19,934 发送请求 INFO https://sj.qq.com/myapp/searchAjax.htm?kw=唯品会 执行成功
2021-01-30 23:34:20,286 发送请求 INFO https://sj.qq.com/myapp/searchAjax.htm?kw=美团 执行成功
2021-01-30 23:34:20,664 发送请求 INFO https://sj.qq.com/myapp/searchAjax.htm?kw=支付宝 执行成功
2021-01-30 23:34:21,059 发送请求 INFO https://sj.qq.com/myapp/searchAjax.htm?kw=爱奇艺 执行成功
2021-01-30 23:34:21,376 发送请求 INFO https://sj.qq.com/myapp/searchAjax.htm?kw=虎扑 执行成功
2021-01-30 23:34:21,752 发送请求 INFO https://app.nicebooker.com/parental/app/v1/user/phoneLogin 执行成功
2021-01-30 23:34:22,568 发送请求 INFO https://app.nicebooker.com/parental/app/v1/userbaby/getDetailInfo 执行成功
2021-01-30 23:34:23,695 发送请求 INFO https://app.nicebooker.com/parental/app/v1/common/todayCourseRemind 执行成功
2021-01-30 23:34:24,308 发送请求 INFO https://app.nicebooker.com/parental/app/v1/common/subjectTopiclist 执行成功
2021-01-30 23:34:24,820 发送请求 INFO https://app.nicebooker.com/parental/app/v1/commentReport/getSystemMsgNum 执行成功
2021-01-30 23:34:25,330 发送请求 INFO https://app.nicebooker.com/parental/app/v1/commentReport/getReportMsgNums 执行成功
2021-01-30 23:34:25,848 发送请求 INFO https://app.nicebooker.com/parental/app/v1/evaluation/getEvaluationIndexStatus 执行成功
2021-01-30 23:34:26,662 发送请求 INFO https://app.nicebooker.com/parental/app/v1/user/getUserStatus 执行成功
2021-01-30 23:34:27,178 发送请求 INFO https://app.nicebooker.com/parental/app/v1/common/listBanner 执行成功
2021-01-30 23:34:27,688 发送请求 INFO https://app.nicebooker.com/parental/app/v1/common/versionUpdate 执行成功
2021-01-30 23:34:28,200 发送请求 INFO https://app.nicebooker.com/parental/app/v1/common/getAdvertising 执行成功
2021-01-30 23:34:28,709 发送请求 INFO https://app.nicebooker.com/parental/app/v1/integral/getIntegral 执行成功
2021-01-30 23:34:29,224 发送请求 INFO https://app.nicebooker.com/parental/app/v1/evaluation/getEvaluationStatus 执行成功
2021-01-30 23:34:29,737 发送请求 INFO https://app.nicebooker.com/parental/app/v1/integral/getIntegral 执行成功
2021-01-30 23:34:30,247 发送请求 INFO https://app.nicebooker.com/parental/app/v1/common/versionUpdate 执行成功
2021-01-30 23:34:30,760 发送请求 INFO https://app.nicebooker.com/parental/app/v1/userbaby/getDetailInfo 执行成功
2021-01-30 23:34:31,782 发送请求 INFO https://app.nicebooker.com/parental/app/v1/integral/getIntegral 执行成功
2021-01-30 23:34:32,295 发送请求 INFO https://app.nicebooker.com/parental/app/v1/teacher/listTeacher 执行成功
2021-01-30 23:34:33,265 发送请求 INFO https://app.nicebooker.com/parental/app/v1/integral/getIntegral 执行成功
2021-01-30 23:34:33,832 发送请求 INFO https://app.nicebooker.com/parental/app/v1/userbaby/getDetailInfo 执行成功
2021-01-30 23:34:34,855 发送请求 INFO https://app.nicebooker.com/parental/app/v1/integral/getIntegral 执行成功
2021-01-30 23:34:35,342 发送请求 INFO https://app.nicebooker.com/parental/app/v1/integral/getIntegral 执行成功
2021-01-30 23:34:36,493 发送请求 INFO https://app.nicebooker.com/parental/app/v1/common/todayCourseRemind 执行成功
2021-01-30 23:34:37,109 发送请求 INFO https://app.nicebooker.com/parental/app/v1/common/subjectTopiclist 执行成功
2021-01-30 23:34:37,620 发送请求 INFO https://app.nicebooker.com/parental/app/v1/course/checkSpecial 执行成功
2021-01-30 23:34:38,235 发送请求 INFO https://app.nicebooker.com/parental/app/v1/common/getUnSubscribe 执行成功
2021-01-30 23:34:38,747 发送请求 INFO https://app.nicebooker.com/parental/app/v1/course/getCourseCatalogList 执行成功
2021-01-30 23:34:39,260 发送请求 INFO https://app.nicebooker.com/parental/app/v1/commentReport/getReportMsgNums 执行成功
2021-01-30 23:34:39,873 发送请求 INFO https://app.nicebooker.com/parental/app/v1/childCamp/getConfigDataByCampId 执行成功
2021-01-30 23:34:40,487 发送请求 INFO https://app.nicebooker.com/parental/app/v1/childCamp/getUserCourseList 执行成功
2021-01-30 23:34:41,102 发送请求 INFO https://app.nicebooker.com/parental/app/v1/clockin/getClockInActivity 执行成功
2021-01-30 23:35:18,619 发送请求 INFO https://sj.qq.com/myapp/searchAjax.htm 执行成功
2021-01-30 23:35:18,892 发送请求 INFO https://sj.qq.com/myapp/searchAjax.htm 执行成功
2021-01-30 23:35:19,166 发送请求 INFO https://sj.qq.com/myapp/searchAjax.htm?kw=QQ 执行成功
2021-01-30 23:35:20,030 发送请求 INFO https://sj.qq.com/myapp/searchAjax.htm?kw=唯品会 执行成功
2021-01-30 23:35:20,262 发送请求 INFO https://sj.qq.com/myapp/searchAjax.htm?kw=美团 执行成功
2021-01-30 23:35:20,522 发送请求 INFO https://sj.qq.com/myapp/searchAjax.htm?kw=支付宝 执行成功
2021-01-30 23:35:21,003 发送请求 INFO https://sj.qq.com/myapp/searchAjax.htm?kw=爱奇艺 执行成功
2021-01-30 23:35:21,290 发送请求 INFO https://sj.qq.com/myapp/searchAjax.htm?kw=虎扑 执行成功
2021-01-30 23:35:21,651 发送请求 INFO https://app.nicebooker.com/parental/app/v1/user/phoneLogin 执行成功
2021-01-30 23:35:22,574 发送请求 INFO https://app.nicebooker.com/parental/app/v1/userbaby/getDetailInfo 执行成功
2021-01-30 23:35:23,700 发送请求 INFO https://app.nicebooker.com/parental/app/v1/common/todayCourseRemind 执行成功
2021-01-30 23:35:24,213 发送请求 INFO https://app.nicebooker.com/parental/app/v1/common/subjectTopiclist 执行成功
2021-01-30 23:35:24,661 发送请求 INFO https://app.nicebooker.com/parental/app/v1/commentReport/getSystemMsgNum 执行成功
2021-01-30 23:35:25,134 发送请求 INFO https://app.nicebooker.com/parental/app/v1/commentReport/getReportMsgNums 执行成功
2021-01-30 23:35:25,654 发送请求 INFO https://app.nicebooker.com/parental/app/v1/evaluation/getEvaluationIndexStatus 执行成功
2021-01-30 23:35:26,156 发送请求 INFO https://app.nicebooker.com/parental/app/v1/user/getUserStatus 执行成功
2021-01-30 23:35:26,597 发送请求 INFO https://app.nicebooker.com/parental/app/v1/common/listBanner 执行成功
2021-01-30 23:35:27,081 发送请求 INFO https://app.nicebooker.com/parental/app/v1/common/versionUpdate 执行成功
2021-01-30 23:35:27,593 发送请求 INFO https://app.nicebooker.com/parental/app/v1/common/getAdvertising 执行成功
2021-01-30 23:35:28,104 发送请求 INFO https://app.nicebooker.com/parental/app/v1/integral/getIntegral 执行成功
2021-01-30 23:35:28,569 发送请求 INFO https://app.nicebooker.com/parental/app/v1/evaluation/getEvaluationStatus 执行成功
2021-01-30 23:35:29,025 发送请求 INFO https://app.nicebooker.com/parental/app/v1/integral/getIntegral 执行成功
2021-01-30 23:35:29,538 发送请求 INFO https://app.nicebooker.com/parental/app/v1/common/versionUpdate 执行成功
2021-01-30 23:35:30,049 发送请求 INFO https://app.nicebooker.com/parental/app/v1/userbaby/getDetailInfo 执行成功
2021-01-30 23:35:31,176 发送请求 INFO https://app.nicebooker.com/parental/app/v1/integral/getIntegral 执行成功
2021-01-30 23:35:31,688 发送请求 INFO https://app.nicebooker.com/parental/app/v1/teacher/listTeacher 执行成功
2021-01-30 23:35:32,712 发送请求 INFO https://app.nicebooker.com/parental/app/v1/integral/getIntegral 执行成功
2021-01-30 23:35:33,225 发送请求 INFO https://app.nicebooker.com/parental/app/v1/userbaby/getDetailInfo 执行成功
2021-01-30 23:35:34,248 发送请求 INFO https://app.nicebooker.com/parental/app/v1/integral/getIntegral 执行成功
2021-01-30 23:35:34,761 发送请求 INFO https://app.nicebooker.com/parental/app/v1/integral/getIntegral 执行成功
2021-01-30 23:35:35,785 发送请求 INFO https://app.nicebooker.com/parental/app/v1/common/todayCourseRemind 执行成功
2021-01-30 23:35:36,399 发送请求 INFO https://app.nicebooker.com/parental/app/v1/common/subjectTopiclist 执行成功
2021-01-30 23:35:37,014 发送请求 INFO https://app.nicebooker.com/parental/app/v1/course/checkSpecial 执行成功
2021-01-30 23:35:37,527 发送请求 INFO https://app.nicebooker.com/parental/app/v1/common/getUnSubscribe 执行成功
2021-01-30 23:35:38,038 发送请求 INFO https://app.nicebooker.com/parental/app/v1/course/getCourseCatalogList 执行成功
2021-01-30 23:35:38,551 发送请求 INFO https://app.nicebooker.com/parental/app/v1/commentReport/getReportMsgNums 执行成功
2021-01-30 23:35:39,062 发送请求 INFO https://app.nicebooker.com/parental/app/v1/childCamp/getConfigDataByCampId 执行成功
2021-01-30 23:35:39,778 发送请求 INFO https://app.nicebooker.com/parental/app/v1/childCamp/getUserCourseList 执行成功
2021-01-30 23:35:40,289 发送请求 INFO https://app.nicebooker.com/parental/app/v1/clockin/getClockInActivity 执行成功
