2021-01-31 20:46:52,795 发送请求 INFO https://sj.qq.com/myapp/searchAjax.htm 执行成功
2021-01-31 20:46:53,069 发送请求 INFO https://sj.qq.com/myapp/searchAjax.htm 执行成功
2021-01-31 20:46:53,331 发送请求 INFO https://sj.qq.com/myapp/searchAjax.htm?kw=QQ 执行成功
2021-01-31 20:46:53,612 发送请求 INFO https://sj.qq.com/myapp/searchAjax.htm?kw=唯品会 执行成功
2021-01-31 20:46:53,965 发送请求 INFO https://sj.qq.com/myapp/searchAjax.htm?kw=美团 执行成功
2021-01-31 20:46:54,215 发送请求 INFO https://sj.qq.com/myapp/searchAjax.htm?kw=支付宝 执行成功
2021-01-31 20:46:58,478 发送请求 INFO https://sj.qq.com/myapp/searchAjax.htm?kw=爱奇艺 执行成功
2021-01-31 20:46:58,771 发送请求 INFO https://sj.qq.com/myapp/searchAjax.htm?kw=虎扑 执行成功
2021-01-31 20:46:59,055 发送请求 INFO https://app.nicebooker.com/parental/app/v1/user/phoneLogin 执行成功
2021-01-31 20:46:59,870 发送请求 INFO https://app.nicebooker.com/parental/app/v1/userbaby/getDetailInfo 执行成功
2021-01-31 20:47:00,925 发送请求 INFO https://app.nicebooker.com/parental/app/v1/common/todayCourseRemind 执行成功
2021-01-31 20:47:01,461 发送请求 INFO https://app.nicebooker.com/parental/app/v1/common/subjectTopiclist 执行成功
2021-01-31 20:47:01,955 发送请求 INFO https://app.nicebooker.com/parental/app/v1/commentReport/getSystemMsgNum 执行成功
2021-01-31 20:47:02,463 发送请求 INFO https://app.nicebooker.com/parental/app/v1/commentReport/getReportMsgNums 执行成功
2021-01-31 20:47:03,019 发送请求 INFO https://app.nicebooker.com/parental/app/v1/evaluation/getEvaluationIndexStatus 执行成功
2021-01-31 20:47:03,500 发送请求 INFO https://app.nicebooker.com/parental/app/v1/user/getUserStatus 执行成功
2021-01-31 20:47:04,007 发送请求 INFO https://app.nicebooker.com/parental/app/v1/common/listBanner 执行成功
2021-01-31 20:47:04,498 发送请求 INFO https://app.nicebooker.com/parental/app/v1/common/versionUpdate 执行成功
2021-01-31 20:47:05,043 发送请求 INFO https://app.nicebooker.com/parental/app/v1/common/getAdvertising 执行成功
2021-01-31 20:47:05,516 发送请求 INFO https://app.nicebooker.com/parental/app/v1/integral/getIntegral 执行成功
2021-01-31 20:47:06,064 发送请求 INFO https://app.nicebooker.com/parental/app/v1/evaluation/getEvaluationStatus 执行成功
2021-01-31 20:47:06,550 发送请求 INFO https://app.nicebooker.com/parental/app/v1/integral/getIntegral 执行成功
2021-01-31 20:47:07,034 发送请求 INFO https://app.nicebooker.com/parental/app/v1/common/versionUpdate 执行成功
2021-01-31 20:47:07,552 发送请求 INFO https://app.nicebooker.com/parental/app/v1/userbaby/getDetailInfo 执行成功
2021-01-31 20:47:08,531 发送请求 INFO https://app.nicebooker.com/parental/app/v1/integral/getIntegral 执行成功
2021-01-31 20:47:09,026 发送请求 INFO https://app.nicebooker.com/parental/app/v1/teacher/listTeacher 执行成功
2021-01-31 20:47:09,993 发送请求 INFO https://app.nicebooker.com/parental/app/v1/integral/getIntegral 执行成功
2021-01-31 20:47:11,084 发送请求 INFO https://app.nicebooker.com/parental/app/v1/integral/getIntegral 执行成功
2021-01-31 20:47:11,561 发送请求 INFO https://app.nicebooker.com/parental/app/v1/integral/getIntegral 执行成功
2021-01-31 20:47:12,618 发送请求 INFO https://app.nicebooker.com/parental/app/v1/common//subjectTopiclist 执行成功
2021-01-31 20:47:13,198 发送请求 INFO https://app.nicebooker.com/parental/app/v1/common/subjectTopiclist 执行成功
2021-01-31 20:47:13,710 发送请求 INFO https://app.nicebooker.com/parental/app/v1/course/checkSpecial 执行成功
2021-01-31 20:47:14,171 发送请求 INFO https://app.nicebooker.com/parental/app/v1/common/getUnSubscribe 执行成功
2021-01-31 20:47:14,720 发送请求 INFO https://app.nicebooker.com/parental/app/v1/course/getCourseCatalogList 执行成功
2021-01-31 20:47:15,235 发送请求 INFO https://app.nicebooker.com/parental/app/v1/commentReport/getReportMsgNums 执行成功
2021-01-31 20:47:15,831 发送请求 INFO https://app.nicebooker.com/parental/app/v1/childCamp/getConfigDataByCampId 执行成功
2021-01-31 20:47:16,549 发送请求 INFO https://app.nicebooker.com/parental/app/v1/childCamp/getUserCourseList 执行成功
2021-01-31 20:47:17,069 发送请求 INFO https://app.nicebooker.com/parental/app/v1/clockin/getClockInActivity 执行成功
